<?xml version="1.0" encoding="UTF-8"?>
<testng-results ignored="0" total="1" passed="1" failed="0" skipped="0">
  <reporter-output>
  </reporter-output>
  <suite started-at="2021-03-20T10:48:48 ICT" name="Default suite" finished-at="2021-03-20T10:49:59 ICT" duration-ms="70341">
    <groups>
    </groups>
    <test started-at="2021-03-20T10:48:48 ICT" name="Default test" finished-at="2021-03-20T10:49:59 ICT" duration-ms="70341">
      <class name="student.Karros_demo_test">
        <test-method is-config="true" signature="LoginFirefox()[pri:0, instance:student.Karros_demo_test@1cbb87f3]" started-at="2021-03-20T10:48:48 ICT" name="LoginFirefox" finished-at="2021-03-20T10:49:43 ICT" duration-ms="54638" status="PASS">
          <reporter-output>
          </reporter-output>
        </test-method> <!-- LoginFirefox -->
        <test-method signature="verify_student()[pri:0, instance:student.Karros_demo_test@1cbb87f3]" started-at="2021-03-20T10:49:43 ICT" name="verify_student" finished-at="2021-03-20T10:49:56 ICT" duration-ms="12522" status="PASS">
          <reporter-output>
          </reporter-output>
        </test-method> <!-- verify_student -->
        <test-method is-config="true" signature="tearDown()[pri:0, instance:student.Karros_demo_test@1cbb87f3]" started-at="2021-03-20T10:49:56 ICT" name="tearDown" finished-at="2021-03-20T10:49:59 ICT" duration-ms="3149" status="PASS">
          <reporter-output>
          </reporter-output>
        </test-method> <!-- tearDown -->
      </class> <!-- student.Karros_demo_test -->
    </test> <!-- Default test -->
  </suite> <!-- Default suite -->
</testng-results>
